2019-10-10T10:53:29+00:00 DEBUG (7): Exception message: Warning: Mage_Core_Model_App::dispatchEvent(): Node no longer exists  in /home/admini/Projects/trainingmage/magento/app/code/core/Mage/Core/Model/App.php on line 1301
Trace: #0 /home/admini/Projects/trainingmage/magento/app/code/core/Mage/Core/Model/App.php(1301): mageCoreErrorHandler(2, 'Mage_Core_Model...', '/home/admini/Pr...', 1301, Array)
#1 /home/admini/Projects/trainingmage/magento/app/Mage.php(451): Mage_Core_Model_App->dispatchEvent('customer_regist...', Array)
#2 /home/admini/Projects/trainingmage/magento/app/code/core/Mage/Customer/controllers/AccountController.php(483): Mage::dispatchEvent('customer_regist...', Array)
#3 /home/admini/Projects/trainingmage/magento/app/code/core/Mage/Customer/controllers/AccountController.php(303): Mage_Customer_AccountController->_dispatchRegisterSuccess(Object(Mage_Customer_Model_Customer))
#4 /home/admini/Projects/trainingmage/magento/app/code/core/Mage/Core/Controller/Varien/Action.php(418): Mage_Customer_AccountController->createPostAction()
#5 /home/admini/Projects/trainingmage/magento/app/code/core/Mage/Core/Controller/Varien/Router/Standard.php(254): Mage_Core_Controller_Varien_Action->dispatch('createpost')
#6 /home/admini/Projects/trainingmage/magento/app/code/core/Mage/Core/Controller/Varien/Front.php(172): Mage_Core_Controller_Varien_Router_Standard->match(Object(Mage_Core_Controller_Request_Http))
#7 /home/admini/Projects/trainingmage/magento/app/code/core/Mage/Core/Model/App.php(365): Mage_Core_Controller_Varien_Front->dispatch()
#8 /home/admini/Projects/trainingmage/magento/app/Mage.php(686): Mage_Core_Model_App->run(Array)
#9 /home/admini/Projects/trainingmage/magento/index.php(83): Mage::run('', 'store')
#10 {main}
2019-10-10T10:53:52+00:00 DEBUG (7): Exception message: Warning: Mage_Core_Model_App::dispatchEvent(): Node no longer exists  in /home/admini/Projects/trainingmage/magento/app/code/core/Mage/Core/Model/App.php on line 1301
Trace: #0 /home/admini/Projects/trainingmage/magento/app/code/core/Mage/Core/Model/App.php(1301): mageCoreErrorHandler(2, 'Mage_Core_Model...', '/home/admini/Pr...', 1301, Array)
#1 /home/admini/Projects/trainingmage/magento/app/Mage.php(451): Mage_Core_Model_App->dispatchEvent('customer_regist...', Array)
#2 /home/admini/Projects/trainingmage/magento/app/code/core/Mage/Customer/controllers/AccountController.php(483): Mage::dispatchEvent('customer_regist...', Array)
#3 /home/admini/Projects/trainingmage/magento/app/code/core/Mage/Customer/controllers/AccountController.php(303): Mage_Customer_AccountController->_dispatchRegisterSuccess(Object(Mage_Customer_Model_Customer))
#4 /home/admini/Projects/trainingmage/magento/app/code/core/Mage/Core/Controller/Varien/Action.php(418): Mage_Customer_AccountController->createPostAction()
#5 /home/admini/Projects/trainingmage/magento/app/code/core/Mage/Core/Controller/Varien/Router/Standard.php(254): Mage_Core_Controller_Varien_Action->dispatch('createpost')
#6 /home/admini/Projects/trainingmage/magento/app/code/core/Mage/Core/Controller/Varien/Front.php(172): Mage_Core_Controller_Varien_Router_Standard->match(Object(Mage_Core_Controller_Request_Http))
#7 /home/admini/Projects/trainingmage/magento/app/code/core/Mage/Core/Model/App.php(365): Mage_Core_Controller_Varien_Front->dispatch()
#8 /home/admini/Projects/trainingmage/magento/app/Mage.php(686): Mage_Core_Model_App->run(Array)
#9 /home/admini/Projects/trainingmage/magento/index.php(83): Mage::run('', 'store')
#10 {main}
2019-10-11T02:32:57+00:00 DEBUG (7): Exception message: Warning: Mage_Core_Model_App::dispatchEvent(): Node no longer exists  in /home/admini/Projects/trainingmage/magento/app/code/core/Mage/Core/Model/App.php on line 1301
Trace: #0 /home/admini/Projects/trainingmage/magento/app/code/core/Mage/Core/Model/App.php(1301): mageCoreErrorHandler(2, 'Mage_Core_Model...', '/home/admini/Pr...', 1301, Array)
#1 /home/admini/Projects/trainingmage/magento/app/Mage.php(451): Mage_Core_Model_App->dispatchEvent('customer_regist...', Array)
#2 /home/admini/Projects/trainingmage/magento/app/code/core/Mage/Customer/controllers/AccountController.php(483): Mage::dispatchEvent('customer_regist...', Array)
#3 /home/admini/Projects/trainingmage/magento/app/code/core/Mage/Customer/controllers/AccountController.php(303): Mage_Customer_AccountController->_dispatchRegisterSuccess(Object(Mage_Customer_Model_Customer))
#4 /home/admini/Projects/trainingmage/magento/app/code/core/Mage/Core/Controller/Varien/Action.php(418): Mage_Customer_AccountController->createPostAction()
#5 /home/admini/Projects/trainingmage/magento/app/code/core/Mage/Core/Controller/Varien/Router/Standard.php(254): Mage_Core_Controller_Varien_Action->dispatch('createpost')
#6 /home/admini/Projects/trainingmage/magento/app/code/core/Mage/Core/Controller/Varien/Front.php(172): Mage_Core_Controller_Varien_Router_Standard->match(Object(Mage_Core_Controller_Request_Http))
#7 /home/admini/Projects/trainingmage/magento/app/code/core/Mage/Core/Model/App.php(365): Mage_Core_Controller_Varien_Front->dispatch()
#8 /home/admini/Projects/trainingmage/magento/app/Mage.php(686): Mage_Core_Model_App->run(Array)
#9 /home/admini/Projects/trainingmage/magento/index.php(83): Mage::run('', 'store')
#10 {main}
2019-10-11T02:35:15+00:00 DEBUG (7): Exception message: Warning: Mage_Core_Model_App::dispatchEvent(): Node no longer exists  in /home/admini/Projects/trainingmage/magento/app/code/core/Mage/Core/Model/App.php on line 1301
Trace: #0 /home/admini/Projects/trainingmage/magento/app/code/core/Mage/Core/Model/App.php(1301): mageCoreErrorHandler(2, 'Mage_Core_Model...', '/home/admini/Pr...', 1301, Array)
#1 /home/admini/Projects/trainingmage/magento/app/Mage.php(451): Mage_Core_Model_App->dispatchEvent('customer_regist...', Array)
#2 /home/admini/Projects/trainingmage/magento/app/code/core/Mage/Customer/controllers/AccountController.php(483): Mage::dispatchEvent('customer_regist...', Array)
#3 /home/admini/Projects/trainingmage/magento/app/code/core/Mage/Customer/controllers/AccountController.php(303): Mage_Customer_AccountController->_dispatchRegisterSuccess(Object(Mage_Customer_Model_Customer))
#4 /home/admini/Projects/trainingmage/magento/app/code/core/Mage/Core/Controller/Varien/Action.php(418): Mage_Customer_AccountController->createPostAction()
#5 /home/admini/Projects/trainingmage/magento/app/code/core/Mage/Core/Controller/Varien/Router/Standard.php(254): Mage_Core_Controller_Varien_Action->dispatch('createpost')
#6 /home/admini/Projects/trainingmage/magento/app/code/core/Mage/Core/Controller/Varien/Front.php(172): Mage_Core_Controller_Varien_Router_Standard->match(Object(Mage_Core_Controller_Request_Http))
#7 /home/admini/Projects/trainingmage/magento/app/code/core/Mage/Core/Model/App.php(365): Mage_Core_Controller_Varien_Front->dispatch()
#8 /home/admini/Projects/trainingmage/magento/app/Mage.php(686): Mage_Core_Model_App->run(Array)
#9 /home/admini/Projects/trainingmage/magento/index.php(83): Mage::run('', 'store')
#10 {main}
2019-10-11T04:36:05+00:00 DEBUG (7): Exception message: Warning: Mage_Core_Model_App::dispatchEvent(): Node no longer exists  in /home/admini/Projects/trainingmage/magento/app/code/core/Mage/Core/Model/App.php on line 1301
Trace: #0 /home/admini/Projects/trainingmage/magento/app/code/core/Mage/Core/Model/App.php(1301): mageCoreErrorHandler(2, 'Mage_Core_Model...', '/home/admini/Pr...', 1301, Array)
#1 /home/admini/Projects/trainingmage/magento/app/Mage.php(451): Mage_Core_Model_App->dispatchEvent('customer_regist...', Array)
#2 /home/admini/Projects/trainingmage/magento/app/code/core/Mage/Customer/controllers/AccountController.php(483): Mage::dispatchEvent('customer_regist...', Array)
#3 /home/admini/Projects/trainingmage/magento/app/code/core/Mage/Customer/controllers/AccountController.php(303): Mage_Customer_AccountController->_dispatchRegisterSuccess(Object(Mage_Customer_Model_Customer))
#4 /home/admini/Projects/trainingmage/magento/app/code/core/Mage/Core/Controller/Varien/Action.php(418): Mage_Customer_AccountController->createPostAction()
#5 /home/admini/Projects/trainingmage/magento/app/code/core/Mage/Core/Controller/Varien/Router/Standard.php(254): Mage_Core_Controller_Varien_Action->dispatch('createpost')
#6 /home/admini/Projects/trainingmage/magento/app/code/core/Mage/Core/Controller/Varien/Front.php(172): Mage_Core_Controller_Varien_Router_Standard->match(Object(Mage_Core_Controller_Request_Http))
#7 /home/admini/Projects/trainingmage/magento/app/code/core/Mage/Core/Model/App.php(365): Mage_Core_Controller_Varien_Front->dispatch()
#8 /home/admini/Projects/trainingmage/magento/app/Mage.php(686): Mage_Core_Model_App->run(Array)
#9 /home/admini/Projects/trainingmage/magento/index.php(83): Mage::run('', 'store')
#10 {main}
2019-10-11T06:21:13+00:00 DEBUG (7): Exception message: Warning: Mage_Core_Model_App::dispatchEvent(): Node no longer exists  in /home/admini/Projects/trainingmage/magento/app/code/core/Mage/Core/Model/App.php on line 1301
Trace: #0 /home/admini/Projects/trainingmage/magento/app/code/core/Mage/Core/Model/App.php(1301): mageCoreErrorHandler(2, 'Mage_Core_Model...', '/home/admini/Pr...', 1301, Array)
#1 /home/admini/Projects/trainingmage/magento/app/Mage.php(451): Mage_Core_Model_App->dispatchEvent('customer_regist...', Array)
#2 /home/admini/Projects/trainingmage/magento/app/code/core/Mage/Customer/controllers/AccountController.php(483): Mage::dispatchEvent('customer_regist...', Array)
#3 /home/admini/Projects/trainingmage/magento/app/code/core/Mage/Customer/controllers/AccountController.php(303): Mage_Customer_AccountController->_dispatchRegisterSuccess(Object(Mage_Customer_Model_Customer))
#4 /home/admini/Projects/trainingmage/magento/app/code/core/Mage/Core/Controller/Varien/Action.php(418): Mage_Customer_AccountController->createPostAction()
#5 /home/admini/Projects/trainingmage/magento/app/code/core/Mage/Core/Controller/Varien/Router/Standard.php(254): Mage_Core_Controller_Varien_Action->dispatch('createpost')
#6 /home/admini/Projects/trainingmage/magento/app/code/core/Mage/Core/Controller/Varien/Front.php(172): Mage_Core_Controller_Varien_Router_Standard->match(Object(Mage_Core_Controller_Request_Http))
#7 /home/admini/Projects/trainingmage/magento/app/code/core/Mage/Core/Model/App.php(365): Mage_Core_Controller_Varien_Front->dispatch()
#8 /home/admini/Projects/trainingmage/magento/app/Mage.php(686): Mage_Core_Model_App->run(Array)
#9 /home/admini/Projects/trainingmage/magento/index.php(83): Mage::run('', 'store')
#10 {main}
2019-10-11T06:43:50+00:00 ERR (3): 
Zend_Mail_Transport_Exception: Unable to send mail.  in /home/admini/Projects/trainingmage/magento/lib/Zend/Mail/Transport/Sendmail.php:143
Stack trace:
#0 /home/admini/Projects/trainingmage/magento/lib/Zend/Mail/Transport/Abstract.php(348): Zend_Mail_Transport_Sendmail->_sendMail()
#1 /home/admini/Projects/trainingmage/magento/lib/Zend/Mail.php(1194): Zend_Mail_Transport_Abstract->send(Object(Zend_Mail))
#2 /home/admini/Projects/trainingmage/magento/app/code/core/Mage/Core/Model/Email/Template.php(452): Zend_Mail->send()
#3 /home/admini/Projects/trainingmage/magento/app/code/core/Mage/Core/Model/Email/Template.php(509): Mage_Core_Model_Email_Template->send('quanvh+5@gmail....', Array, Array)
#4 /home/admini/Projects/trainingmage/magento/app/code/core/Mage/Core/Model/Email/Template/Mailer.php(83): Mage_Core_Model_Email_Template->sendTransactional('customer_create...', 'general', Array, Array, Array, '1')
#5 /home/admini/Projects/trainingmage/magento/app/code/core/Mage/Customer/Model/Customer.php(720): Mage_Core_Model_Email_Template_Mailer->send()
#6 /home/admini/Projects/trainingmage/magento/app/code/core/Mage/Customer/Model/Customer.php(625): Mage_Customer_Model_Customer->_sendEmailTemplate('customer/create...', 'customer/create...', Array, '1')
#7 /home/admini/Projects/trainingmage/magento/app/code/core/Mage/Customer/controllers/AccountController.php(577): Mage_Customer_Model_Customer->sendNewAccountEmail('registered', '', '1', '123456')
#8 /home/admini/Projects/trainingmage/magento/app/code/core/Mage/Customer/controllers/AccountController.php(352): Mage_Customer_AccountController->_welcomeCustomer(Object(Mage_Customer_Model_Customer))
#9 /home/admini/Projects/trainingmage/magento/app/code/core/Mage/Customer/controllers/AccountController.php(304): Mage_Customer_AccountController->_successProcessRegistration(Object(Mage_Customer_Model_Customer))
#10 /home/admini/Projects/trainingmage/magento/app/code/core/Mage/Core/Controller/Varien/Action.php(418): Mage_Customer_AccountController->createPostAction()
#11 /home/admini/Projects/trainingmage/magento/app/code/core/Mage/Core/Controller/Varien/Router/Standard.php(254): Mage_Core_Controller_Varien_Action->dispatch('createpost')
#12 /home/admini/Projects/trainingmage/magento/app/code/core/Mage/Core/Controller/Varien/Front.php(172): Mage_Core_Controller_Varien_Router_Standard->match(Object(Mage_Core_Controller_Request_Http))
#13 /home/admini/Projects/trainingmage/magento/app/code/core/Mage/Core/Model/App.php(365): Mage_Core_Controller_Varien_Front->dispatch()
#14 /home/admini/Projects/trainingmage/magento/app/Mage.php(686): Mage_Core_Model_App->run(Array)
#15 /home/admini/Projects/trainingmage/magento/index.php(83): Mage::run('', 'store')
#16 {main}
2019-10-11T06:46:37+00:00 ERR (3): 
Zend_Mail_Transport_Exception: Unable to send mail.  in /home/admini/Projects/trainingmage/magento/lib/Zend/Mail/Transport/Sendmail.php:143
Stack trace:
#0 /home/admini/Projects/trainingmage/magento/lib/Zend/Mail/Transport/Abstract.php(348): Zend_Mail_Transport_Sendmail->_sendMail()
#1 /home/admini/Projects/trainingmage/magento/lib/Zend/Mail.php(1194): Zend_Mail_Transport_Abstract->send(Object(Zend_Mail))
#2 /home/admini/Projects/trainingmage/magento/app/code/core/Mage/Core/Model/Email/Template.php(452): Zend_Mail->send()
#3 /home/admini/Projects/trainingmage/magento/app/code/core/Mage/Core/Model/Email/Template.php(509): Mage_Core_Model_Email_Template->send('quanvh+1@gmail....', Array, Array)
#4 /home/admini/Projects/trainingmage/magento/app/code/core/Mage/Core/Model/Email/Template/Mailer.php(83): Mage_Core_Model_Email_Template->sendTransactional('customer_create...', 'general', Array, Array, Array, '1')
#5 /home/admini/Projects/trainingmage/magento/app/code/core/Mage/Customer/Model/Customer.php(720): Mage_Core_Model_Email_Template_Mailer->send()
#6 /home/admini/Projects/trainingmage/magento/app/code/core/Mage/Customer/Model/Customer.php(625): Mage_Customer_Model_Customer->_sendEmailTemplate('customer/create...', 'customer/create...', Array, '1')
#7 /home/admini/Projects/trainingmage/magento/app/code/core/Mage/Customer/controllers/AccountController.php(577): Mage_Customer_Model_Customer->sendNewAccountEmail('registered', '', '1', '123456')
#8 /home/admini/Projects/trainingmage/magento/app/code/core/Mage/Customer/controllers/AccountController.php(352): Mage_Customer_AccountController->_welcomeCustomer(Object(Mage_Customer_Model_Customer))
#9 /home/admini/Projects/trainingmage/magento/app/code/core/Mage/Customer/controllers/AccountController.php(304): Mage_Customer_AccountController->_successProcessRegistration(Object(Mage_Customer_Model_Customer))
#10 /home/admini/Projects/trainingmage/magento/app/code/core/Mage/Core/Controller/Varien/Action.php(418): Mage_Customer_AccountController->createPostAction()
#11 /home/admini/Projects/trainingmage/magento/app/code/core/Mage/Core/Controller/Varien/Router/Standard.php(254): Mage_Core_Controller_Varien_Action->dispatch('createpost')
#12 /home/admini/Projects/trainingmage/magento/app/code/core/Mage/Core/Controller/Varien/Front.php(172): Mage_Core_Controller_Varien_Router_Standard->match(Object(Mage_Core_Controller_Request_Http))
#13 /home/admini/Projects/trainingmage/magento/app/code/core/Mage/Core/Model/App.php(365): Mage_Core_Controller_Varien_Front->dispatch()
#14 /home/admini/Projects/trainingmage/magento/app/Mage.php(686): Mage_Core_Model_App->run(Array)
#15 /home/admini/Projects/trainingmage/magento/index.php(83): Mage::run('', 'store')
#16 {main}
2019-10-11T06:47:49+00:00 ERR (3): 
Zend_Mail_Transport_Exception: Unable to send mail.  in /home/admini/Projects/trainingmage/magento/lib/Zend/Mail/Transport/Sendmail.php:143
Stack trace:
#0 /home/admini/Projects/trainingmage/magento/lib/Zend/Mail/Transport/Abstract.php(348): Zend_Mail_Transport_Sendmail->_sendMail()
#1 /home/admini/Projects/trainingmage/magento/lib/Zend/Mail.php(1194): Zend_Mail_Transport_Abstract->send(Object(Zend_Mail))
#2 /home/admini/Projects/trainingmage/magento/app/code/core/Mage/Core/Model/Email/Template.php(452): Zend_Mail->send()
#3 /home/admini/Projects/trainingmage/magento/app/code/core/Mage/Core/Model/Email/Template.php(509): Mage_Core_Model_Email_Template->send('quanvh+2@gmail....', Array, Array)
#4 /home/admini/Projects/trainingmage/magento/app/code/core/Mage/Core/Model/Email/Template/Mailer.php(83): Mage_Core_Model_Email_Template->sendTransactional('customer_create...', 'general', Array, Array, Array, '1')
#5 /home/admini/Projects/trainingmage/magento/app/code/core/Mage/Customer/Model/Customer.php(720): Mage_Core_Model_Email_Template_Mailer->send()
#6 /home/admini/Projects/trainingmage/magento/app/code/core/Mage/Customer/Model/Customer.php(625): Mage_Customer_Model_Customer->_sendEmailTemplate('customer/create...', 'customer/create...', Array, '1')
#7 /home/admini/Projects/trainingmage/magento/app/code/core/Mage/Customer/controllers/AccountController.php(577): Mage_Customer_Model_Customer->sendNewAccountEmail('registered', '', '1', '123456')
#8 /home/admini/Projects/trainingmage/magento/app/code/core/Mage/Customer/controllers/AccountController.php(352): Mage_Customer_AccountController->_welcomeCustomer(Object(Mage_Customer_Model_Customer))
#9 /home/admini/Projects/trainingmage/magento/app/code/core/Mage/Customer/controllers/AccountController.php(304): Mage_Customer_AccountController->_successProcessRegistration(Object(Mage_Customer_Model_Customer))
#10 /home/admini/Projects/trainingmage/magento/app/code/core/Mage/Core/Controller/Varien/Action.php(418): Mage_Customer_AccountController->createPostAction()
#11 /home/admini/Projects/trainingmage/magento/app/code/core/Mage/Core/Controller/Varien/Router/Standard.php(254): Mage_Core_Controller_Varien_Action->dispatch('createpost')
#12 /home/admini/Projects/trainingmage/magento/app/code/core/Mage/Core/Controller/Varien/Front.php(172): Mage_Core_Controller_Varien_Router_Standard->match(Object(Mage_Core_Controller_Request_Http))
#13 /home/admini/Projects/trainingmage/magento/app/code/core/Mage/Core/Model/App.php(365): Mage_Core_Controller_Varien_Front->dispatch()
#14 /home/admini/Projects/trainingmage/magento/app/Mage.php(686): Mage_Core_Model_App->run(Array)
#15 /home/admini/Projects/trainingmage/magento/index.php(83): Mage::run('', 'store')
#16 {main}
2019-10-11T07:33:44+00:00 ERR (3): 
Zend_Mail_Transport_Exception: Unable to send mail.  in /home/admini/Projects/trainingmage/magento/lib/Zend/Mail/Transport/Sendmail.php:143
Stack trace:
#0 /home/admini/Projects/trainingmage/magento/lib/Zend/Mail/Transport/Abstract.php(348): Zend_Mail_Transport_Sendmail->_sendMail()
#1 /home/admini/Projects/trainingmage/magento/lib/Zend/Mail.php(1194): Zend_Mail_Transport_Abstract->send(Object(Zend_Mail))
#2 /home/admini/Projects/trainingmage/magento/app/code/core/Mage/Core/Model/Email/Template.php(452): Zend_Mail->send()
#3 /home/admini/Projects/trainingmage/magento/app/code/core/Mage/Core/Model/Email/Template.php(509): Mage_Core_Model_Email_Template->send('quanvh+6@gmail....', Array, Array)
#4 /home/admini/Projects/trainingmage/magento/app/code/core/Mage/Core/Model/Email/Template/Mailer.php(83): Mage_Core_Model_Email_Template->sendTransactional('customer_create...', 'general', Array, Array, Array, '1')
#5 /home/admini/Projects/trainingmage/magento/app/code/core/Mage/Customer/Model/Customer.php(720): Mage_Core_Model_Email_Template_Mailer->send()
#6 /home/admini/Projects/trainingmage/magento/app/code/core/Mage/Customer/Model/Customer.php(625): Mage_Customer_Model_Customer->_sendEmailTemplate('customer/create...', 'customer/create...', Array, '1')
#7 /home/admini/Projects/trainingmage/magento/app/code/core/Mage/Customer/controllers/AccountController.php(577): Mage_Customer_Model_Customer->sendNewAccountEmail('registered', '', '1', '123456')
#8 /home/admini/Projects/trainingmage/magento/app/code/core/Mage/Customer/controllers/AccountController.php(352): Mage_Customer_AccountController->_welcomeCustomer(Object(Mage_Customer_Model_Customer))
#9 /home/admini/Projects/trainingmage/magento/app/code/core/Mage/Customer/controllers/AccountController.php(304): Mage_Customer_AccountController->_successProcessRegistration(Object(Mage_Customer_Model_Customer))
#10 /home/admini/Projects/trainingmage/magento/app/code/core/Mage/Core/Controller/Varien/Action.php(418): Mage_Customer_AccountController->createPostAction()
#11 /home/admini/Projects/trainingmage/magento/app/code/core/Mage/Core/Controller/Varien/Router/Standard.php(254): Mage_Core_Controller_Varien_Action->dispatch('createpost')
#12 /home/admini/Projects/trainingmage/magento/app/code/core/Mage/Core/Controller/Varien/Front.php(172): Mage_Core_Controller_Varien_Router_Standard->match(Object(Mage_Core_Controller_Request_Http))
#13 /home/admini/Projects/trainingmage/magento/app/code/core/Mage/Core/Model/App.php(365): Mage_Core_Controller_Varien_Front->dispatch()
#14 /home/admini/Projects/trainingmage/magento/app/Mage.php(686): Mage_Core_Model_App->run(Array)
#15 /home/admini/Projects/trainingmage/magento/index.php(83): Mage::run('', 'store')
#16 {main}
2019-10-11T07:41:38+00:00 ERR (3): 
Zend_Mail_Transport_Exception: Unable to send mail.  in /home/admini/Projects/trainingmage/magento/lib/Zend/Mail/Transport/Sendmail.php:143
Stack trace:
#0 /home/admini/Projects/trainingmage/magento/lib/Zend/Mail/Transport/Abstract.php(348): Zend_Mail_Transport_Sendmail->_sendMail()
#1 /home/admini/Projects/trainingmage/magento/lib/Zend/Mail.php(1194): Zend_Mail_Transport_Abstract->send(Object(Zend_Mail))
#2 /home/admini/Projects/trainingmage/magento/app/code/core/Mage/Core/Model/Email/Template.php(452): Zend_Mail->send()
#3 /home/admini/Projects/trainingmage/magento/app/code/core/Mage/Core/Model/Email/Template.php(509): Mage_Core_Model_Email_Template->send('quan+8@gmail.co...', Array, Array)
#4 /home/admini/Projects/trainingmage/magento/app/code/core/Mage/Core/Model/Email/Template/Mailer.php(83): Mage_Core_Model_Email_Template->sendTransactional('customer_create...', 'general', Array, Array, Array, '1')
#5 /home/admini/Projects/trainingmage/magento/app/code/core/Mage/Customer/Model/Customer.php(720): Mage_Core_Model_Email_Template_Mailer->send()
#6 /home/admini/Projects/trainingmage/magento/app/code/core/Mage/Customer/Model/Customer.php(625): Mage_Customer_Model_Customer->_sendEmailTemplate('customer/create...', 'customer/create...', Array, '1')
#7 /home/admini/Projects/trainingmage/magento/app/code/core/Mage/Customer/controllers/AccountController.php(577): Mage_Customer_Model_Customer->sendNewAccountEmail('registered', '', '1', '123456')
#8 /home/admini/Projects/trainingmage/magento/app/code/core/Mage/Customer/controllers/AccountController.php(352): Mage_Customer_AccountController->_welcomeCustomer(Object(Mage_Customer_Model_Customer))
#9 /home/admini/Projects/trainingmage/magento/app/code/core/Mage/Customer/controllers/AccountController.php(304): Mage_Customer_AccountController->_successProcessRegistration(Object(Mage_Customer_Model_Customer))
#10 /home/admini/Projects/trainingmage/magento/app/code/core/Mage/Core/Controller/Varien/Action.php(418): Mage_Customer_AccountController->createPostAction()
#11 /home/admini/Projects/trainingmage/magento/app/code/core/Mage/Core/Controller/Varien/Router/Standard.php(254): Mage_Core_Controller_Varien_Action->dispatch('createpost')
#12 /home/admini/Projects/trainingmage/magento/app/code/core/Mage/Core/Controller/Varien/Front.php(172): Mage_Core_Controller_Varien_Router_Standard->match(Object(Mage_Core_Controller_Request_Http))
#13 /home/admini/Projects/trainingmage/magento/app/code/core/Mage/Core/Model/App.php(365): Mage_Core_Controller_Varien_Front->dispatch()
#14 /home/admini/Projects/trainingmage/magento/app/Mage.php(686): Mage_Core_Model_App->run(Array)
#15 /home/admini/Projects/trainingmage/magento/index.php(83): Mage::run('', 'store')
#16 {main}
